Determining if the pthread_create exist failed with the following output:
Change Dir: /home/zzr/git/3D_net/3Dunet_abdomen_cascade/caffe_unet_3D_v1.0_patch/caffe_branch/caffe/cmake-build-debug/CMakeFiles/CMakeTmp

Run Build Command:"/usr/bin/make" "cmTC_58a01/fast"
/usr/bin/make -f CMakeFiles/cmTC_58a01.dir/build.make CMakeFiles/cmTC_58a01.dir/build
make[1]: 正在进入目录 `/home/zzr/git/3D_net/3Dunet_abdomen_cascade/caffe_unet_3D_v1.0_patch/caffe_branch/caffe/cmake-build-debug/CMakeFiles/CMakeTmp'
Building C object CMakeFiles/cmTC_58a01.dir/CheckSymbolExists.c.o
/usr/bin/cc    -o CMakeFiles/cmTC_58a01.dir/CheckSymbolExists.c.o   -c /home/zzr/git/3D_net/3Dunet_abdomen_cascade/caffe_unet_3D_v1.0_patch/caffe_branch/caffe/cmake-build-debug/CMakeFiles/CMakeTmp/CheckSymbolExists.c
Linking C executable cmTC_58a01
/opt/clion-2018.1.3/bin/cmake/bin/cmake -E cmake_link_script CMakeFiles/cmTC_58a01.dir/link.txt --verbose=1
/usr/bin/cc      -rdynamic CMakeFiles/cmTC_58a01.dir/CheckSymbolExists.c.o  -o cmTC_58a01 
CMakeFiles/cmTC_58a01.dir/CheckSymbolExists.c.o：在函数‘main’中：
CheckSymbolExists.c:(.text+0x16)：对‘pthread_create’未定义的引用
collect2: error: ld returned 1 exit status
make[1]: *** [cmTC_58a01] 错误 1
make[1]:正在离开目录 `/home/zzr/git/3D_net/3Dunet_abdomen_cascade/caffe_unet_3D_v1.0_patch/caffe_branch/caffe/cmake-build-debug/CMakeFiles/CMakeTmp'
make: *** [cmTC_58a01/fast] 错误 2

File /home/zzr/git/3D_net/3Dunet_abdomen_cascade/caffe_unet_3D_v1.0_patch/caffe_branch/caffe/cmake-build-debug/CMakeFiles/CMakeTmp/CheckSymbolExists.c:
/* */
#include <pthread.h>

int main(int argc, char** argv)
{
  (void)argv;
#ifndef pthread_create
  return ((int*)(&pthread_create))[argc];
#else
  (void)argc;
  return 0;
#endif
}

Determining if the function pthread_create exists in the pthreads failed with the following output:
Change Dir: /home/zzr/git/3D_net/3Dunet_abdomen_cascade/caffe_unet_3D_v1.0_patch/caffe_branch/caffe/cmake-build-debug/CMakeFiles/CMakeTmp

Run Build Command:"/usr/bin/make" "cmTC_bfb21/fast"
/usr/bin/make -f CMakeFiles/cmTC_bfb21.dir/build.make CMakeFiles/cmTC_bfb21.dir/build
make[1]: 正在进入目录 `/home/zzr/git/3D_net/3Dunet_abdomen_cascade/caffe_unet_3D_v1.0_patch/caffe_branch/caffe/cmake-build-debug/CMakeFiles/CMakeTmp'
Building C object CMakeFiles/cmTC_bfb21.dir/CheckFunctionExists.c.o
/usr/bin/cc   -DCHECK_FUNCTION_EXISTS=pthread_create   -o CMakeFiles/cmTC_bfb21.dir/CheckFunctionExists.c.o   -c /opt/clion-2018.1.3/bin/cmake/share/cmake-3.10/Modules/CheckFunctionExists.c
Linking C executable cmTC_bfb21
/opt/clion-2018.1.3/bin/cmake/bin/cmake -E cmake_link_script CMakeFiles/cmTC_bfb21.dir/link.txt --verbose=1
/usr/bin/cc  -DCHECK_FUNCTION_EXISTS=pthread_create    -rdynamic CMakeFiles/cmTC_bfb21.dir/CheckFunctionExists.c.o  -o cmTC_bfb21 -lpthreads 
/usr/bin/ld: 找不到 -lpthreads
collect2: error: ld returned 1 exit status
make[1]: *** [cmTC_bfb21] 错误 1
make[1]:正在离开目录 `/home/zzr/git/3D_net/3Dunet_abdomen_cascade/caffe_unet_3D_v1.0_patch/caffe_branch/caffe/cmake-build-debug/CMakeFiles/CMakeTmp'
make: *** [cmTC_bfb21/fast] 错误 2


